2026-03-14 18:47:36:4736 [37mdebug[39m: [37mDatabase pool status[39m
2026-03-14 18:47:44:4744 [37mdebug[39m: [37mNew connection. Active: 1[39m
2026-03-14 18:47:44:4744 [33mwarn[39m: [33mValidation errors (Mapped):[39m
2026-03-14 18:47:44:4744 [33mwarn[39m: [33mValidation errors (Array):[39m
2026-03-14 18:47:44:4744 [32minfo[39m: [32mSending validation response: Passwords do not match[39m
2026-03-14 18:47:44:4744 [32minfo[39m: [32mRequest completed[39m
2026-03-14 18:48:06:486 [37mdebug[39m: [37mDatabase pool status[39m
2026-03-14 18:48:36:4836 [37mdebug[39m: [37mDatabase pool status[39m
2026-03-14 18:48:53:4853 [32minfo[39m: [32m✅ Database connection established[39m
2026-03-14 18:49:01:491 [32minfo[39m: [32m✅ Database synchronized (alter mode - development only)[39m
2026-03-14 18:49:01:491 [32minfo[39m: [32m✅ Database monitoring enabled[39m
2026-03-14 18:49:01:491 [32minfo[39m: [32m🚀 Server running in development mode on port 5000[39m
2026-03-14 18:49:01:491 [32minfo[39m: [32m📡 API: http://localhost:5000/api/v1[39m
2026-03-14 18:49:01:491 [32minfo[39m: [32m🔗 Webhooks: http://localhost:5000/api/v1/payments[39m
2026-03-14 18:49:02:492 [37mdebug[39m: [37mNew connection. Active: 1[39m
2026-03-14 18:49:15:4915 [32minfo[39m: [32m✅ Database connection established[39m
2026-03-14 18:49:19:4919 [32minfo[39m: [32m✅ Database synchronized (alter mode - development only)[39m
2026-03-14 18:49:19:4919 [32minfo[39m: [32m✅ Database monitoring enabled[39m
2026-03-14 18:49:19:4919 [32minfo[39m: [32m🚀 Server running in development mode on port 5000[39m
2026-03-14 18:49:19:4919 [32minfo[39m: [32m📡 API: http://localhost:5000/api/v1[39m
2026-03-14 18:49:19:4919 [32minfo[39m: [32m🔗 Webhooks: http://localhost:5000/api/v1/payments[39m
2026-03-14 18:49:30:4930 [37mdebug[39m: [37mNew connection. Active: 1[39m
2026-03-14 18:49:30:4930 [33mwarn[39m: [33mValidation errors (Mapped):[39m
2026-03-14 18:49:30:4930 [33mwarn[39m: [33mValidation errors (Array):[39m
2026-03-14 18:49:30:4930 [32minfo[39m: [32mSending validation response: Passwords do not match[39m
2026-03-14 18:49:30:4930 [32minfo[39m: [32mRequest completed[39m
2026-03-14 18:49:49:4949 [37mdebug[39m: [37mDatabase pool status[39m
2026-03-14 18:50:16:5016 [32minfo[39m: [32m✅ Database connection established[39m
2026-03-14 18:50:20:5020 [32minfo[39m: [32m✅ Database synchronized (alter mode - development only)[39m
2026-03-14 18:50:20:5020 [32minfo[39m: [32m✅ Database monitoring enabled[39m
2026-03-14 18:50:20:5020 [32minfo[39m: [32m🚀 Server running in development mode on port 5000[39m
2026-03-14 18:50:20:5020 [32minfo[39m: [32m📡 API: http://localhost:5000/api/v1[39m
2026-03-14 18:50:20:5020 [32minfo[39m: [32m🔗 Webhooks: http://localhost:5000/api/v1/payments[39m
2026-03-14 18:50:50:5050 [37mdebug[39m: [37mDatabase pool status[39m
2026-03-14 18:51:10:5110 [32minfo[39m: [32m✅ Database connection established[39m
2026-03-14 18:51:14:5114 [32minfo[39m: [32m✅ Database synchronized (alter mode - development only)[39m
2026-03-14 18:51:14:5114 [32minfo[39m: [32m✅ Database monitoring enabled[39m
2026-03-14 18:51:14:5114 [32minfo[39m: [32m🚀 Server running in development mode on port 5000[39m
2026-03-14 18:51:14:5114 [32minfo[39m: [32m📡 API: http://localhost:5000/api/v1[39m
2026-03-14 18:51:14:5114 [32minfo[39m: [32m🔗 Webhooks: http://localhost:5000/api/v1/payments[39m
2026-03-14 18:51:45:5145 [32minfo[39m: [32m✅ Database connection established[39m
2026-03-14 18:51:49:5149 [32minfo[39m: [32m✅ Database synchronized (alter mode - development only)[39m
2026-03-14 18:51:49:5149 [32minfo[39m: [32m✅ Database monitoring enabled[39m
2026-03-14 18:51:49:5149 [32minfo[39m: [32m🚀 Server running in development mode on port 5000[39m
2026-03-14 18:51:49:5149 [32minfo[39m: [32m📡 API: http://localhost:5000/api/v1[39m
2026-03-14 18:51:49:5149 [32minfo[39m: [32m🔗 Webhooks: http://localhost:5000/api/v1/payments[39m
2026-03-14 18:51:56:5156 [32minfo[39m: [32m✅ Database connection established[39m
2026-03-14 18:51:59:5159 [32minfo[39m: [32m✅ Database synchronized (alter mode - development only)[39m
2026-03-14 18:51:59:5159 [32minfo[39m: [32m✅ Database monitoring enabled[39m
2026-03-14 18:51:59:5159 [32minfo[39m: [32m🚀 Server running in development mode on port 5000[39m
2026-03-14 18:51:59:5159 [32minfo[39m: [32m📡 API: http://localhost:5000/api/v1[39m
2026-03-14 18:51:59:5159 [32minfo[39m: [32m🔗 Webhooks: http://localhost:5000/api/v1/payments[39m
2026-03-14 18:52:15:5215 [32minfo[39m: [32m✅ Database connection established[39m
2026-03-14 18:52:19:5219 [32minfo[39m: [32m✅ Database synchronized (alter mode - development only)[39m
2026-03-14 18:52:19:5219 [32minfo[39m: [32m✅ Database monitoring enabled[39m
2026-03-14 18:52:19:5219 [32minfo[39m: [32m🚀 Server running in development mode on port 5000[39m
2026-03-14 18:52:19:5219 [32minfo[39m: [32m📡 API: http://localhost:5000/api/v1[39m
2026-03-14 18:52:19:5219 [32minfo[39m: [32m🔗 Webhooks: http://localhost:5000/api/v1/payments[39m
2026-03-14 18:52:42:5242 [32minfo[39m: [32m✅ Database connection established[39m
2026-03-14 18:52:45:5245 [32minfo[39m: [32m✅ Database synchronized (alter mode - development only)[39m
2026-03-14 18:52:45:5245 [32minfo[39m: [32m✅ Database monitoring enabled[39m
2026-03-14 18:52:45:5245 [32minfo[39m: [32m🚀 Server running in development mode on port 5000[39m
2026-03-14 18:52:45:5245 [32minfo[39m: [32m📡 API: http://localhost:5000/api/v1[39m
2026-03-14 18:52:45:5245 [32minfo[39m: [32m🔗 Webhooks: http://localhost:5000/api/v1/payments[39m
2026-03-14 18:53:11:5311 [32minfo[39m: [32m✅ Database connection established[39m
2026-03-14 18:53:16:5316 [32minfo[39m: [32m✅ Database synchronized (alter mode - development only)[39m
2026-03-14 18:53:16:5316 [32minfo[39m: [32m✅ Database monitoring enabled[39m
2026-03-14 18:53:16:5316 [32minfo[39m: [32m🚀 Server running in development mode on port 5000[39m
2026-03-14 18:53:16:5316 [32minfo[39m: [32m📡 API: http://localhost:5000/api/v1[39m
2026-03-14 18:53:16:5316 [32minfo[39m: [32m🔗 Webhooks: http://localhost:5000/api/v1/payments[39m
2026-03-14 18:53:46:5346 [37mdebug[39m: [37mDatabase pool status[39m
2026-03-14 18:53:58:5358 [32minfo[39m: [32m✅ Database connection established[39m
2026-03-14 18:54:04:544 [32minfo[39m: [32m✅ Database synchronized (alter mode - development only)[39m
2026-03-14 18:54:04:544 [32minfo[39m: [32m✅ Database monitoring enabled[39m
2026-03-14 18:54:04:544 [32minfo[39m: [32m🚀 Server running in development mode on port 5000[39m
2026-03-14 18:54:04:544 [32minfo[39m: [32m📡 API: http://localhost:5000/api/v1[39m
2026-03-14 18:54:04:544 [32minfo[39m: [32m🔗 Webhooks: http://localhost:5000/api/v1/payments[39m
2026-03-14 18:54:27:5427 [32minfo[39m: [32m✅ Database connection established[39m
2026-03-14 18:54:32:5432 [32minfo[39m: [32m✅ Database synchronized (alter mode - development only)[39m
2026-03-14 18:54:32:5432 [32minfo[39m: [32m✅ Database monitoring enabled[39m
2026-03-14 18:54:32:5432 [32minfo[39m: [32m🚀 Server running in development mode on port 5000[39m
2026-03-14 18:54:32:5432 [32minfo[39m: [32m📡 API: http://localhost:5000/api/v1[39m
2026-03-14 18:54:32:5432 [32minfo[39m: [32m🔗 Webhooks: http://localhost:5000/api/v1/payments[39m
2026-03-14 18:54:54:5454 [37mdebug[39m: [37mNew connection. Active: 1[39m
2026-03-14 18:54:54:5454 [32minfo[39m: [32mgetAllPackages called with query {}[39m
2026-03-14 18:54:54:5454 [32minfo[39m: [32mRequest completed[39m
2026-03-14 18:54:54:5454 [32minfo[39m: [32mgetAllPackages called with query {}[39m
2026-03-14 18:54:54:5454 [32minfo[39m: [32mRequest completed[39m
2026-03-14 18:55:02:552 [37mdebug[39m: [37mDatabase pool status[39m
2026-03-14 18:55:09:559 [33mwarn[39m: [33mValidation errors (Mapped):[39m
2026-03-14 18:55:09:559 [33mwarn[39m: [33mValidation errors (Array):[39m
2026-03-14 18:55:09:559 [32minfo[39m: [32mSending validation response: Passwords do not match[39m
2026-03-14 18:55:09:559 [32minfo[39m: [32mRequest completed[39m
2026-03-14 18:55:32:5532 [37mdebug[39m: [37mDatabase pool status[39m
2026-03-14 18:56:02:562 [37mdebug[39m: [37mDatabase pool status[39m
2026-03-14 18:56:15:5615 [37mdebug[39m: [37mConnection closed. Active: 0[39m
2026-03-14 18:56:32:5632 [37mdebug[39m: [37mDatabase pool status[39m
2026-03-14 18:56:55:5655 [37mdebug[39m: [37mNew connection. Active: 1[39m
2026-03-14 18:56:55:5655 [32minfo[39m: [32mgetAllPackages called with query {}[39m
2026-03-14 18:56:55:5655 [32minfo[39m: [32mRequest completed[39m
2026-03-14 18:56:55:5655 [32minfo[39m: [32mgetAllPackages called with query {}[39m
2026-03-14 18:56:55:5655 [32minfo[39m: [32mRequest completed[39m
2026-03-14 18:57:02:572 [37mdebug[39m: [37mDatabase pool status[39m
2026-03-14 18:57:07:577 [32minfo[39m: [32mgetAllPackages called with query {}[39m
2026-03-14 18:57:08:578 [32minfo[39m: [32mRequest completed[39m
2026-03-14 18:57:08:578 [32minfo[39m: [32mgetAllPackages called with query {}[39m
2026-03-14 18:57:08:578 [32minfo[39m: [32mRequest completed[39m
2026-03-14 18:57:25:5725 [32minfo[39m: [32mNew user registered: annew8523@gmail.com[39m
2026-03-14 18:57:25:5725 [32minfo[39m: [32mRequest completed[39m
2026-03-14 18:57:28:5728 [37mdebug[39m: [37mNew connection. Active: 2[39m
2026-03-14 18:57:28:5728 [37mdebug[39m: [37mNew connection. Active: 3[39m
2026-03-14 18:57:28:5728 [32minfo[39m: [32mRequest completed[39m
2026-03-14 18:57:28:5728 [37mdebug[39m: [37mNew connection. Active: 4[39m
2026-03-14 18:57:28:5728 [32minfo[39m: [32mRequest completed[39m
2026-03-14 18:57:32:5732 [37mdebug[39m: [37mDatabase pool status[39m
2026-03-14 18:58:02:582 [37mdebug[39m: [37mDatabase pool status[39m
2026-03-14 18:58:26:5826 [32minfo[39m: [32m✅ Database connection established[39m
2026-03-14 18:58:39:5839 [32minfo[39m: [32m✅ Database connection established[39m
2026-03-14 18:58:45:5845 [32minfo[39m: [32m✅ Database synchronized (alter mode - development only)[39m
2026-03-14 18:58:45:5845 [32minfo[39m: [32m✅ Database monitoring enabled[39m
2026-03-14 18:58:45:5845 [32minfo[39m: [32m🚀 Server running in development mode on port 5000[39m
2026-03-14 18:58:45:5845 [32minfo[39m: [32m📡 API: http://localhost:5000/api/v1[39m
2026-03-14 18:58:45:5845 [32minfo[39m: [32m🔗 Webhooks: http://localhost:5000/api/v1/payments[39m
2026-03-14 18:59:09:599 [32minfo[39m: [32m✅ Database connection established[39m
2026-03-14 18:59:13:5913 [32minfo[39m: [32m✅ Database synchronized (alter mode - development only)[39m
2026-03-14 18:59:13:5913 [32minfo[39m: [32m✅ Database monitoring enabled[39m
2026-03-14 18:59:13:5913 [32minfo[39m: [32m🚀 Server running in development mode on port 5000[39m
2026-03-14 18:59:13:5913 [32minfo[39m: [32m📡 API: http://localhost:5000/api/v1[39m
2026-03-14 18:59:13:5913 [32minfo[39m: [32m🔗 Webhooks: http://localhost:5000/api/v1/payments[39m
2026-03-14 18:59:21:5921 [32minfo[39m: [32m✅ Database connection established[39m
2026-03-14 18:59:26:5926 [32minfo[39m: [32m✅ Database synchronized (alter mode - development only)[39m
2026-03-14 18:59:26:5926 [32minfo[39m: [32m✅ Database monitoring enabled[39m
2026-03-14 18:59:26:5926 [32minfo[39m: [32m🚀 Server running in development mode on port 5000[39m
2026-03-14 18:59:26:5926 [32minfo[39m: [32m📡 API: http://localhost:5000/api/v1[39m
2026-03-14 18:59:26:5926 [32minfo[39m: [32m🔗 Webhooks: http://localhost:5000/api/v1/payments[39m
2026-03-14 18:59:56:5956 [37mdebug[39m: [37mDatabase pool status[39m
2026-03-14 19:00:26:026 [37mdebug[39m: [37mDatabase pool status[39m
2026-03-14 19:00:56:056 [37mdebug[39m: [37mDatabase pool status[39m
2026-03-14 19:01:26:126 [37mdebug[39m: [37mDatabase pool status[39m
2026-03-14 19:01:56:156 [37mdebug[39m: [37mDatabase pool status[39m
2026-03-14 19:02:26:226 [37mdebug[39m: [37mDatabase pool status[39m
2026-03-14 19:02:50:250 [37mdebug[39m: [37mNew connection. Active: 1[39m
2026-03-14 19:02:50:250 [32minfo[39m: [32mRequest completed[39m
2026-03-14 19:02:51:251 [32minfo[39m: [32mRequest completed[39m
2026-03-14 19:02:54:254 [32minfo[39m: [32mgetAllPackages called with query {}[39m
2026-03-14 19:02:54:254 [32minfo[39m: [32mRequest completed[39m
2026-03-14 19:02:54:254 [32minfo[39m: [32mgetAllPackages called with query {}[39m
2026-03-14 19:02:54:254 [32minfo[39m: [32mRequest completed[39m
2026-03-14 19:02:56:256 [37mdebug[39m: [37mDatabase pool status[39m
2026-03-14 19:03:22:322 [37mdebug[39m: [37mNew connection. Active: 2[39m
2026-03-14 19:03:22:322 [32minfo[39m: [32mRequest completed[39m
2026-03-14 19:03:26:326 [37mdebug[39m: [37mDatabase pool status[39m
2026-03-14 19:03:56:356 [37mdebug[39m: [37mDatabase pool status[39m
2026-03-14 19:04:26:426 [37mdebug[39m: [37mDatabase pool status[39m
2026-03-14 19:04:28:428 [37mdebug[39m: [37mConnection closed. Active: 1[39m
2026-03-14 19:04:28:428 [37mdebug[39m: [37mConnection closed. Active: 0[39m
2026-03-14 19:04:56:456 [37mdebug[39m: [37mDatabase pool status[39m
2026-03-14 19:05:26:526 [37mdebug[39m: [37mDatabase pool status[39m
2026-03-14 19:05:56:556 [37mdebug[39m: [37mDatabase pool status[39m
2026-03-14 19:06:26:626 [37mdebug[39m: [37mDatabase pool status[39m
2026-03-14 19:06:56:656 [37mdebug[39m: [37mDatabase pool status[39m
2026-03-14 19:07:26:726 [37mdebug[39m: [37mDatabase pool status[39m
2026-03-14 19:07:56:756 [37mdebug[39m: [37mDatabase pool status[39m
2026-03-14 19:08:26:826 [37mdebug[39m: [37mDatabase pool status[39m
2026-03-14 19:09:04:94 [32minfo[39m: [32m✅ Database connection established[39m
2026-03-14 19:09:10:910 [32minfo[39m: [32m✅ Database synchronized (alter mode - development only)[39m
2026-03-14 19:09:10:910 [32minfo[39m: [32m✅ Database monitoring enabled[39m
2026-03-14 19:09:10:910 [32minfo[39m: [32m🚀 Server running in development mode on port 5000[39m
2026-03-14 19:09:10:910 [32minfo[39m: [32m📡 API: http://localhost:5000/api/v1[39m
2026-03-14 19:09:10:910 [32minfo[39m: [32m🔗 Webhooks: http://localhost:5000/api/v1/payments[39m
2026-03-14 19:09:26:926 [32minfo[39m: [32m✅ Database connection established[39m
2026-03-14 19:09:30:930 [32minfo[39m: [32m✅ Database synchronized (alter mode - development only)[39m
2026-03-14 19:09:30:930 [32minfo[39m: [32m✅ Database monitoring enabled[39m
2026-03-14 19:09:30:930 [32minfo[39m: [32m🚀 Server running in development mode on port 5000[39m
2026-03-14 19:09:30:930 [32minfo[39m: [32m📡 API: http://localhost:5000/api/v1[39m
2026-03-14 19:09:30:930 [32minfo[39m: [32m🔗 Webhooks: http://localhost:5000/api/v1/payments[39m
2026-03-14 19:10:02:102 [32minfo[39m: [32m✅ Database connection established[39m
2026-03-14 19:10:05:105 [32minfo[39m: [32m✅ Database synchronized (alter mode - development only)[39m
2026-03-14 19:10:05:105 [32minfo[39m: [32m✅ Database monitoring enabled[39m
2026-03-14 19:10:05:105 [32minfo[39m: [32m🚀 Server running in development mode on port 5000[39m
2026-03-14 19:10:05:105 [32minfo[39m: [32m📡 API: http://localhost:5000/api/v1[39m
2026-03-14 19:10:05:105 [32minfo[39m: [32m🔗 Webhooks: http://localhost:5000/api/v1/payments[39m
2026-03-14 19:10:35:1035 [37mdebug[39m: [37mDatabase pool status[39m
2026-03-14 19:10:58:1058 [32minfo[39m: [32m✅ Database connection established[39m
2026-03-14 19:11:02:112 [32minfo[39m: [32m✅ Database synchronized (alter mode - development only)[39m
2026-03-14 19:11:02:112 [32minfo[39m: [32m✅ Database monitoring enabled[39m
2026-03-14 19:11:02:112 [32minfo[39m: [32m🚀 Server running in development mode on port 5000[39m
2026-03-14 19:11:02:112 [32minfo[39m: [32m📡 API: http://localhost:5000/api/v1[39m
2026-03-14 19:11:02:112 [32minfo[39m: [32m🔗 Webhooks: http://localhost:5000/api/v1/payments[39m
2026-03-14 19:11:19:1119 [32minfo[39m: [32m✅ Database connection established[39m
2026-03-14 19:11:24:1124 [32minfo[39m: [32m✅ Database synchronized (alter mode - development only)[39m
2026-03-14 19:11:24:1124 [32minfo[39m: [32m✅ Database monitoring enabled[39m
2026-03-14 19:11:24:1124 [32minfo[39m: [32m🚀 Server running in development mode on port 5000[39m
2026-03-14 19:11:24:1124 [32minfo[39m: [32m📡 API: http://localhost:5000/api/v1[39m
2026-03-14 19:11:24:1124 [32minfo[39m: [32m🔗 Webhooks: http://localhost:5000/api/v1/payments[39m
2026-03-14 19:11:54:1154 [37mdebug[39m: [37mDatabase pool status[39m
2026-03-14 19:12:24:1224 [37mdebug[39m: [37mDatabase pool status[39m
2026-03-14 19:12:49:1249 [32minfo[39m: [32m✅ Database connection established[39m
2026-03-14 19:12:55:1255 [32minfo[39m: [32m✅ Database synchronized (alter mode - development only)[39m
2026-03-14 19:12:55:1255 [32minfo[39m: [32m✅ Database monitoring enabled[39m
2026-03-14 19:12:55:1255 [32minfo[39m: [32m🚀 Server running in development mode on port 5000[39m
2026-03-14 19:12:55:1255 [32minfo[39m: [32m📡 API: http://localhost:5000/api/v1[39m
2026-03-14 19:12:55:1255 [32minfo[39m: [32m🔗 Webhooks: http://localhost:5000/api/v1/payments[39m
2026-03-14 19:13:25:1325 [37mdebug[39m: [37mDatabase pool status[39m
2026-03-14 19:13:46:1346 [32minfo[39m: [32m✅ Database connection established[39m
2026-03-14 19:13:51:1351 [32minfo[39m: [32m✅ Database synchronized (alter mode - development only)[39m
2026-03-14 19:13:51:1351 [32minfo[39m: [32m✅ Database monitoring enabled[39m
2026-03-14 19:13:51:1351 [32minfo[39m: [32m🚀 Server running in development mode on port 5000[39m
2026-03-14 19:13:51:1351 [32minfo[39m: [32m📡 API: http://localhost:5000/api/v1[39m
2026-03-14 19:13:51:1351 [32minfo[39m: [32m🔗 Webhooks: http://localhost:5000/api/v1/payments[39m
2026-03-14 19:14:21:1421 [37mdebug[39m: [37mDatabase pool status[39m
2026-03-14 19:14:36:1436 [32minfo[39m: [32m✅ Database connection established[39m
2026-03-14 19:14:42:1442 [32minfo[39m: [32m✅ Database synchronized (alter mode - development only)[39m
2026-03-14 19:14:42:1442 [32minfo[39m: [32m✅ Database monitoring enabled[39m
2026-03-14 19:14:42:1442 [32minfo[39m: [32m🚀 Server running in development mode on port 5000[39m
2026-03-14 19:14:42:1442 [32minfo[39m: [32m📡 API: http://localhost:5000/api/v1[39m
2026-03-14 19:14:42:1442 [32minfo[39m: [32m🔗 Webhooks: http://localhost:5000/api/v1/payments[39m
2026-03-14 19:15:12:1512 [37mdebug[39m: [37mDatabase pool status[39m
2026-03-14 19:15:42:1542 [37mdebug[39m: [37mDatabase pool status[39m
2026-03-14 19:16:12:1612 [37mdebug[39m: [37mDatabase pool status[39m
2026-03-14 19:16:42:1642 [37mdebug[39m: [37mDatabase pool status[39m
2026-03-14 19:16:54:1654 [32minfo[39m: [32m✅ Database connection established[39m
2026-03-14 19:16:58:1658 [32minfo[39m: [32m✅ Database synchronized (alter mode - development only)[39m
2026-03-14 19:16:58:1658 [32minfo[39m: [32m✅ Database monitoring enabled[39m
2026-03-14 19:16:58:1658 [32minfo[39m: [32m🚀 Server running in development mode on port 5000[39m
2026-03-14 19:16:58:1658 [32minfo[39m: [32m📡 API: http://localhost:5000/api/v1[39m
2026-03-14 19:16:58:1658 [32minfo[39m: [32m🔗 Webhooks: http://localhost:5000/api/v1/payments[39m
2026-03-14 19:17:07:177 [32minfo[39m: [32m✅ Database connection established[39m
2026-03-14 19:17:12:1712 [32minfo[39m: [32m✅ Database synchronized (alter mode - development only)[39m
2026-03-14 19:17:12:1712 [32minfo[39m: [32m✅ Database monitoring enabled[39m
2026-03-14 19:17:12:1712 [32minfo[39m: [32m🚀 Server running in development mode on port 5000[39m
2026-03-14 19:17:12:1712 [32minfo[39m: [32m📡 API: http://localhost:5000/api/v1[39m
2026-03-14 19:17:12:1712 [32minfo[39m: [32m🔗 Webhooks: http://localhost:5000/api/v1/payments[39m
2026-03-14 19:17:36:1736 [32minfo[39m: [32m✅ Database connection established[39m
2026-03-14 19:17:41:1741 [32minfo[39m: [32m✅ Database synchronized (alter mode - development only)[39m
2026-03-14 19:17:41:1741 [32minfo[39m: [32m✅ Database monitoring enabled[39m
2026-03-14 19:17:41:1741 [32minfo[39m: [32m🚀 Server running in development mode on port 5000[39m
2026-03-14 19:17:41:1741 [32minfo[39m: [32m📡 API: http://localhost:5000/api/v1[39m
2026-03-14 19:17:41:1741 [32minfo[39m: [32m🔗 Webhooks: http://localhost:5000/api/v1/payments[39m
2026-03-14 19:18:11:1811 [37mdebug[39m: [37mDatabase pool status[39m
2026-03-14 19:18:41:1841 [37mdebug[39m: [37mDatabase pool status[39m
2026-03-14 19:18:57:1857 [37mdebug[39m: [37mNew connection. Active: 1[39m
2026-03-14 19:19:04:194 [32minfo[39m: [32mEmail sent to annew8523@gmail.com[39m
2026-03-14 19:19:04:194 [32minfo[39m: [32mNew user registered (unverified): annew8523@gmail.com[39m
2026-03-14 19:19:04:194 [32minfo[39m: [32mRequest completed[39m
2026-03-14 19:19:06:196 [32minfo[39m: [32mRequest completed[39m
2026-03-14 19:19:06:196 [32minfo[39m: [32mRequest completed[39m
2026-03-14 19:19:11:1911 [37mdebug[39m: [37mDatabase pool status[39m
2026-03-14 19:19:33:1933 [32minfo[39m: [32mgetAllPackages called with query {}[39m
2026-03-14 19:19:33:1933 [32minfo[39m: [32mRequest completed[39m
2026-03-14 19:19:33:1933 [32minfo[39m: [32mgetAllPackages called with query {}[39m
2026-03-14 19:19:33:1933 [32minfo[39m: [32mRequest completed[39m
2026-03-14 19:19:41:1941 [37mdebug[39m: [37mDatabase pool status[39m
2026-03-14 19:19:49:1949 [32minfo[39m: [32m✅ Database connection established[39m
2026-03-14 19:19:55:1955 [32minfo[39m: [32m✅ Database synchronized (alter mode - development only)[39m
2026-03-14 19:19:55:1955 [32minfo[39m: [32m✅ Database monitoring enabled[39m
2026-03-14 19:19:55:1955 [32minfo[39m: [32m🚀 Server running in development mode on port 5000[39m
2026-03-14 19:19:55:1955 [32minfo[39m: [32m📡 API: http://localhost:5000/api/v1[39m
2026-03-14 19:19:55:1955 [32minfo[39m: [32m🔗 Webhooks: http://localhost:5000/api/v1/payments[39m
2026-03-14 19:20:36:2036 [32minfo[39m: [32m✅ Database connection established[39m
2026-03-14 19:20:41:2041 [32minfo[39m: [32m✅ Database synchronized (alter mode - development only)[39m
2026-03-14 19:20:41:2041 [32minfo[39m: [32m✅ Database monitoring enabled[39m
2026-03-14 19:20:41:2041 [32minfo[39m: [32m🚀 Server running in development mode on port 5000[39m
2026-03-14 19:20:41:2041 [32minfo[39m: [32m📡 API: http://localhost:5000/api/v1[39m
2026-03-14 19:20:41:2041 [32minfo[39m: [32m🔗 Webhooks: http://localhost:5000/api/v1/payments[39m
2026-03-14 19:20:49:2049 [37mdebug[39m: [37mNew connection. Active: 1[39m
2026-03-14 19:20:49:2049 [32minfo[39m: [32mRequest completed[39m
2026-03-14 19:21:11:2111 [37mdebug[39m: [37mDatabase pool status[39m
2026-03-14 19:21:23:2123 [32minfo[39m: [32mEmail sent to annew8523@gmail.com[39m
2026-03-14 19:21:23:2123 [32minfo[39m: [32mNew user registered (unverified): annew8523@gmail.com[39m
2026-03-14 19:21:23:2123 [32minfo[39m: [32mRequest completed[39m
2026-03-14 19:21:26:2126 [32minfo[39m: [32mRequest completed[39m
2026-03-14 19:21:26:2126 [32minfo[39m: [32mRequest completed[39m
2026-03-14 19:21:41:2141 [37mdebug[39m: [37mDatabase pool status[39m
2026-03-14 19:21:51:2151 [32minfo[39m: [32m✅ Database connection established[39m
2026-03-14 19:22:07:227 [32minfo[39m: [32m✅ Database connection established[39m
2026-03-14 19:22:14:2214 [32minfo[39m: [32m✅ Database synchronized (alter mode - development only)[39m
2026-03-14 19:22:14:2214 [32minfo[39m: [32m✅ Database monitoring enabled[39m
2026-03-14 19:22:14:2214 [32minfo[39m: [32m🚀 Server running in development mode on port 5000[39m
2026-03-14 19:22:14:2214 [32minfo[39m: [32m📡 API: http://localhost:5000/api/v1[39m
2026-03-14 19:22:14:2214 [32minfo[39m: [32m🔗 Webhooks: http://localhost:5000/api/v1/payments[39m
2026-03-14 19:22:44:2244 [37mdebug[39m: [37mDatabase pool status[39m
2026-03-14 19:23:14:2314 [37mdebug[39m: [37mDatabase pool status[39m
2026-03-14 19:23:14:2314 [32minfo[39m: [32m🔄 SIGINT received: starting graceful shutdown[39m
2026-03-14 19:23:14:2314 [32minfo[39m: [32m🔌 HTTP server closed[39m
2026-03-14 19:23:14:2314 [32minfo[39m: [32m🗄️ Database connections closed[39m
2026-03-14 19:24:05:245 [32minfo[39m: [32m✅ Database connection established[39m
2026-03-14 19:24:10:2410 [32minfo[39m: [32m✅ Database synchronized (alter mode - development only)[39m
2026-03-14 19:24:10:2410 [32minfo[39m: [32m✅ Database monitoring enabled[39m
2026-03-14 19:24:10:2410 [32minfo[39m: [32m🚀 Server running in development mode on port 5000[39m
2026-03-14 19:24:10:2410 [32minfo[39m: [32m📡 API: http://localhost:5000/api/v1[39m
2026-03-14 19:24:10:2410 [32minfo[39m: [32m🔗 Webhooks: http://localhost:5000/api/v1/payments[39m
2026-03-14 19:24:31:2431 [32minfo[39m: [32m✅ Database connection established[39m
2026-03-14 19:24:36:2436 [32minfo[39m: [32m✅ Database synchronized (alter mode - development only)[39m
2026-03-14 19:24:36:2436 [32minfo[39m: [32m✅ Database monitoring enabled[39m
2026-03-14 19:24:36:2436 [32minfo[39m: [32m🚀 Server running in development mode on port 5000[39m
2026-03-14 19:24:36:2436 [32minfo[39m: [32m📡 API: http://localhost:5000/api/v1[39m
2026-03-14 19:24:36:2436 [32minfo[39m: [32m🔗 Webhooks: http://localhost:5000/api/v1/payments[39m
2026-03-14 19:25:06:256 [37mdebug[39m: [37mDatabase pool status[39m
2026-03-14 19:25:09:259 [37mdebug[39m: [37mNew connection. Active: 1[39m
2026-03-14 19:25:09:259 [32minfo[39m: [32mgetAllPackages called with query {}[39m
2026-03-14 19:25:10:2510 [32minfo[39m: [32mRequest completed[39m
2026-03-14 19:25:10:2510 [32minfo[39m: [32mgetAllPackages called with query {}[39m
2026-03-14 19:25:10:2510 [32minfo[39m: [32mRequest completed[39m
2026-03-14 19:25:36:2536 [37mdebug[39m: [37mDatabase pool status[39m
2026-03-14 19:26:06:266 [37mdebug[39m: [37mDatabase pool status[39m
2026-03-14 19:26:16:2616 [37mdebug[39m: [37mConnection closed. Active: 0[39m
2026-03-14 19:26:36:2636 [37mdebug[39m: [37mDatabase pool status[39m
2026-03-14 19:26:48:2648 [37mdebug[39m: [37mNew connection. Active: 1[39m
2026-03-14 19:26:48:2648 [32minfo[39m: [32mgetAllPackages called with query {}[39m
2026-03-14 19:26:48:2648 [32minfo[39m: [32mRequest completed[39m
2026-03-14 19:26:48:2648 [32minfo[39m: [32mgetAllPackages called with query {}[39m
2026-03-14 19:26:48:2648 [32minfo[39m: [32mRequest completed[39m
2026-03-14 19:27:06:276 [37mdebug[39m: [37mDatabase pool status[39m
2026-03-14 19:27:36:2736 [37mdebug[39m: [37mDatabase pool status[39m
2026-03-14 19:27:38:2738 [32minfo[39m: [32mgetAllPackages called with query {}[39m
2026-03-14 19:27:38:2738 [32minfo[39m: [32mRequest completed[39m
2026-03-14 19:27:38:2738 [32minfo[39m: [32mgetAllPackages called with query {}[39m
2026-03-14 19:27:38:2738 [32minfo[39m: [32mRequest completed[39m
2026-03-14 19:28:06:286 [37mdebug[39m: [37mDatabase pool status[39m
2026-03-14 19:28:07:287 [32minfo[39m: [32mEmail sent to annew8523@gmail.com[39m
2026-03-14 19:28:07:287 [32minfo[39m: [32mNew user registered (unverified): annew8523@gmail.com[39m
2026-03-14 19:28:07:287 [32minfo[39m: [32mRequest completed[39m
2026-03-14 19:28:36:2836 [37mdebug[39m: [37mDatabase pool status[39m
2026-03-14 19:29:06:296 [37mdebug[39m: [37mDatabase pool status[39m
2026-03-14 19:29:13:2913 [37mdebug[39m: [37mConnection closed. Active: 0[39m
2026-03-14 19:29:36:2936 [37mdebug[39m: [37mDatabase pool status[39m
2026-03-14 19:30:06:306 [37mdebug[39m: [37mDatabase pool status[39m
2026-03-14 19:30:07:307 [37mdebug[39m: [37mNew connection. Active: 1[39m
2026-03-14 19:30:07:307 [37mdebug[39m: [37mNew connection. Active: 2[39m
2026-03-14 19:30:07:307 [37mdebug[39m: [37mNew connection. Active: 3[39m
2026-03-14 19:30:07:307 [37mdebug[39m: [37mNew connection. Active: 4[39m
2026-03-14 19:30:07:307 [37mdebug[39m: [37mNew connection. Active: 5[39m
2026-03-14 19:30:07:307 [37mdebug[39m: [37mNew connection. Active: 6[39m
2026-03-14 19:30:07:307 [32minfo[39m: [32mRequest completed[39m
2026-03-14 19:30:07:307 [32minfo[39m: [32mgetAllPackages called with query {}[39m
2026-03-14 19:30:07:307 [32minfo[39m: [32mRequest completed[39m
2026-03-14 19:30:07:307 [32minfo[39m: [32mRequest completed[39m
2026-03-14 19:30:07:307 [32minfo[39m: [32mgetAllPackages called with query {}[39m
2026-03-14 19:30:07:307 [32minfo[39m: [32mRequest completed[39m
2026-03-14 19:30:15:3015 [32minfo[39m: [32mEmail sent to annew8523@gmail.com[39m
2026-03-14 19:30:15:3015 [32minfo[39m: [32mOTP sent to annew8523@gmail.com[39m
2026-03-14 19:30:15:3015 [32minfo[39m: [32mRequest completed[39m
2026-03-14 19:30:36:3036 [37mdebug[39m: [37mDatabase pool status[39m
2026-03-14 19:31:06:316 [37mdebug[39m: [37mDatabase pool status[39m
2026-03-14 19:31:13:3113 [37mdebug[39m: [37mConnection closed. Active: 5[39m
2026-03-14 19:31:13:3113 [37mdebug[39m: [37mConnection closed. Active: 4[39m
2026-03-14 19:31:13:3113 [37mdebug[39m: [37mConnection closed. Active: 3[39m
2026-03-14 19:31:13:3113 [37mdebug[39m: [37mConnection closed. Active: 2[39m
2026-03-14 19:31:14:3114 [32minfo[39m: [32mAccount verified via OTP: annew8523@gmail.com[39m
2026-03-14 19:31:14:3114 [32minfo[39m: [32mRequest completed[39m
2026-03-14 19:31:36:3136 [37mdebug[39m: [37mDatabase pool status[39m
2026-03-14 19:32:05:325 [32minfo[39m: [32mgetAllPackages called with query {}[39m
2026-03-14 19:32:05:325 [32minfo[39m: [32mRequest completed[39m
2026-03-14 19:32:05:325 [32minfo[39m: [32mgetAllPackages called with query {}[39m
2026-03-14 19:32:05:325 [32minfo[39m: [32mRequest completed[39m
2026-03-14 19:32:06:326 [37mdebug[39m: [37mDatabase pool status[39m
2026-03-14 19:32:20:3220 [37mdebug[39m: [37mConnection closed. Active: 1[39m
2026-03-14 19:32:37:3237 [37mdebug[39m: [37mDatabase pool status[39m
2026-03-14 19:32:41:3241 [32minfo[39m: [32mEmail sent to anthonyndungu069@gmail.com[39m
2026-03-14 19:32:41:3241 [32minfo[39m: [32mNew user registered (unverified): anthonyndungu069@gmail.com[39m
2026-03-14 19:32:41:3241 [32minfo[39m: [32mRequest completed[39m
2026-03-14 19:33:07:337 [37mdebug[39m: [37mDatabase pool status[39m
2026-03-14 19:33:37:3337 [37mdebug[39m: [37mDatabase pool status[39m
2026-03-14 19:33:47:3347 [37mdebug[39m: [37mConnection closed. Active: 0[39m
2026-03-14 19:34:07:347 [37mdebug[39m: [37mDatabase pool status[39m
2026-03-14 19:34:21:3421 [32minfo[39m: [32m✅ Database connection established[39m
2026-03-14 19:34:25:3425 [32minfo[39m: [32m✅ Database synchronized (alter mode - development only)[39m
2026-03-14 19:34:25:3425 [32minfo[39m: [32m✅ Database monitoring enabled[39m
2026-03-14 19:34:25:3425 [32minfo[39m: [32m🚀 Server running in development mode on port 5000[39m
2026-03-14 19:34:25:3425 [32minfo[39m: [32m📡 API: http://localhost:5000/api/v1[39m
2026-03-14 19:34:25:3425 [32minfo[39m: [32m🔗 Webhooks: http://localhost:5000/api/v1/payments[39m
2026-03-14 19:34:55:3455 [37mdebug[39m: [37mDatabase pool status[39m
2026-03-14 19:35:25:3525 [37mdebug[39m: [37mDatabase pool status[39m
2026-03-14 19:35:55:3555 [37mdebug[39m: [37mDatabase pool status[39m
2026-03-14 19:36:25:3625 [37mdebug[39m: [37mDatabase pool status[39m
2026-03-14 19:36:55:3655 [37mdebug[39m: [37mDatabase pool status[39m
2026-03-14 19:37:05:375 [37mdebug[39m: [37mNew connection. Active: 1[39m
2026-03-14 19:37:05:375 [32minfo[39m: [32mRequest completed[39m
2026-03-14 19:37:05:375 [32minfo[39m: [32mRequest completed[39m
2026-03-14 19:37:05:375 [37mdebug[39m: [37mNew connection. Active: 2[39m
2026-03-14 19:37:05:375 [32minfo[39m: [32mgetAllPackages called with query {}[39m
2026-03-14 19:37:05:375 [32minfo[39m: [32mRequest completed[39m
2026-03-14 19:37:05:375 [32minfo[39m: [32mgetAllPackages called with query {}[39m
2026-03-14 19:37:05:375 [32minfo[39m: [32mRequest completed[39m
2026-03-14 19:37:25:3725 [37mdebug[39m: [37mDatabase pool status[39m
2026-03-14 19:37:55:3755 [37mdebug[39m: [37mDatabase pool status[39m
2026-03-14 19:38:11:3811 [37mdebug[39m: [37mConnection closed. Active: 1[39m
2026-03-14 19:38:11:3811 [37mdebug[39m: [37mConnection closed. Active: 0[39m
2026-03-14 19:38:25:3825 [37mdebug[39m: [37mDatabase pool status[39m
2026-03-14 19:38:48:3848 [37mdebug[39m: [37mNew connection. Active: 1[39m
2026-03-14 19:38:48:3848 [32minfo[39m: [32mgetAllPackages called with query {}[39m
2026-03-14 19:38:48:3848 [32minfo[39m: [32mRequest completed[39m
2026-03-14 19:38:49:3849 [32minfo[39m: [32mgetAllPackages called with query {}[39m
2026-03-14 19:38:49:3849 [32minfo[39m: [32mRequest completed[39m
2026-03-14 19:38:55:3855 [37mdebug[39m: [37mDatabase pool status[39m
2026-03-14 19:39:04:394 [32minfo[39m: [32mgetAllPackages called with query {}[39m
2026-03-14 19:39:04:394 [32minfo[39m: [32mRequest completed[39m
2026-03-14 19:39:04:394 [32minfo[39m: [32mgetAllPackages called with query {}[39m
2026-03-14 19:39:04:394 [32minfo[39m: [32mRequest completed[39m
2026-03-14 19:39:26:3926 [37mdebug[39m: [37mDatabase pool status[39m
2026-03-14 19:39:29:3929 [32minfo[39m: [32mEmail sent to annew8523@gmail.com[39m
2026-03-14 19:39:29:3929 [32minfo[39m: [32mNew user registered (unverified): annew8523@gmail.com[39m
2026-03-14 19:39:29:3929 [32minfo[39m: [32mRequest completed[39m
2026-03-14 19:39:35:3935 [37mdebug[39m: [37mConnection closed. Active: 0[39m
2026-03-14 19:39:56:3956 [37mdebug[39m: [37mDatabase pool status[39m
2026-03-14 19:40:26:4026 [37mdebug[39m: [37mDatabase pool status[39m
2026-03-14 19:40:56:4056 [37mdebug[39m: [37mDatabase pool status[39m
2026-03-14 19:41:26:4126 [37mdebug[39m: [37mDatabase pool status[39m
2026-03-14 19:41:56:4156 [37mdebug[39m: [37mDatabase pool status[39m
2026-03-14 19:42:26:4226 [37mdebug[39m: [37mDatabase pool status[39m
2026-03-14 19:42:56:4256 [37mdebug[39m: [37mDatabase pool status[39m
2026-03-14 19:43:26:4326 [37mdebug[39m: [37mDatabase pool status[39m
2026-03-14 19:43:56:4356 [37mdebug[39m: [37mDatabase pool status[39m
2026-03-14 19:44:26:4426 [37mdebug[39m: [37mDatabase pool status[39m
2026-03-14 19:44:56:4456 [37mdebug[39m: [37mDatabase pool status[39m
2026-03-14 19:45:26:4526 [37mdebug[39m: [37mDatabase pool status[39m
2026-03-14 19:45:56:4556 [37mdebug[39m: [37mDatabase pool status[39m
2026-03-14 19:46:26:4626 [37mdebug[39m: [37mDatabase pool status[39m
2026-03-14 19:46:56:4656 [37mdebug[39m: [37mDatabase pool status[39m
2026-03-14 19:47:26:4726 [37mdebug[39m: [37mDatabase pool status[39m
2026-03-14 19:47:56:4756 [37mdebug[39m: [37mDatabase pool status[39m
2026-03-14 19:48:26:4826 [37mdebug[39m: [37mDatabase pool status[39m
2026-03-14 19:48:56:4856 [37mdebug[39m: [37mDatabase pool status[39m
2026-03-14 19:49:26:4926 [37mdebug[39m: [37mDatabase pool status[39m
2026-03-14 19:49:56:4956 [37mdebug[39m: [37mDatabase pool status[39m
2026-03-14 19:50:26:5026 [37mdebug[39m: [37mDatabase pool status[39m
2026-03-14 19:50:32:5032 [37mdebug[39m: [37mNew connection. Active: 1[39m
2026-03-14 19:50:32:5032 [37mdebug[39m: [37mNew connection. Active: 2[39m
2026-03-14 19:50:32:5032 [32minfo[39m: [32mRequest completed[39m
2026-03-14 19:50:32:5032 [32minfo[39m: [32mgetAllPackages called with query {}[39m
2026-03-14 19:50:32:5032 [32minfo[39m: [32mRequest completed[39m
2026-03-14 19:50:32:5032 [32minfo[39m: [32mRequest completed[39m
2026-03-14 19:50:32:5032 [32minfo[39m: [32mgetAllPackages called with query {}[39m
2026-03-14 19:50:32:5032 [32minfo[39m: [32mRequest completed[39m
2026-03-14 19:50:32:5032 [32minfo[39m: [32mgetAllPackages called with query {}[39m
2026-03-14 19:50:32:5032 [32minfo[39m: [32mRequest completed[39m
2026-03-14 19:50:32:5032 [32minfo[39m: [32mgetAllPackages called with query {}[39m
2026-03-14 19:50:32:5032 [32minfo[39m: [32mRequest completed[39m
2026-03-14 19:50:56:5056 [37mdebug[39m: [37mDatabase pool status[39m
2026-03-14 19:51:26:5126 [37mdebug[39m: [37mDatabase pool status[39m
2026-03-14 19:51:31:5131 [32minfo[39m: [32mgetAllPackages called with query {}[39m
2026-03-14 19:51:32:5132 [32minfo[39m: [32mRequest completed[39m
2026-03-14 19:51:32:5132 [32minfo[39m: [32mgetAllPackages called with query {}[39m
2026-03-14 19:51:32:5132 [32minfo[39m: [32mRequest completed[39m
2026-03-14 19:51:38:5138 [37mdebug[39m: [37mConnection closed. Active: 1[39m
2026-03-14 19:51:56:5156 [37mdebug[39m: [37mDatabase pool status[39m
2026-03-14 19:52:13:5213 [32minfo[39m: [32mEmail sent to annew8523@gmail.com[39m
2026-03-14 19:52:13:5213 [32minfo[39m: [32mNew user registered (unverified): annew8523@gmail.com[39m
2026-03-14 19:52:13:5213 [32minfo[39m: [32mRequest completed[39m
2026-03-14 19:52:19:5219 [32minfo[39m: [32mEmail sent to annew8523@gmail.com[39m
2026-03-14 19:52:19:5219 [32minfo[39m: [32mOTP sent to annew8523@gmail.com[39m
2026-03-14 19:52:19:5219 [32minfo[39m: [32mRequest completed[39m
2026-03-14 19:52:26:5226 [37mdebug[39m: [37mDatabase pool status[39m
2026-03-14 19:52:36:5236 [32minfo[39m: [32mRequest completed[39m
2026-03-14 19:52:56:5256 [37mdebug[39m: [37mDatabase pool status[39m
2026-03-14 19:53:26:5326 [37mdebug[39m: [37mDatabase pool status[39m
2026-03-14 19:53:42:5342 [37mdebug[39m: [37mConnection closed. Active: 0[39m
2026-03-14 19:53:56:5356 [37mdebug[39m: [37mDatabase pool status[39m
2026-03-14 19:54:26:5426 [37mdebug[39m: [37mDatabase pool status[39m
2026-03-14 19:54:56:5456 [37mdebug[39m: [37mDatabase pool status[39m
2026-03-14 19:55:26:5526 [37mdebug[39m: [37mDatabase pool status[39m
2026-03-14 19:55:56:5556 [37mdebug[39m: [37mDatabase pool status[39m
2026-03-14 19:56:26:5626 [37mdebug[39m: [37mDatabase pool status[39m
2026-03-14 19:56:56:5656 [37mdebug[39m: [37mDatabase pool status[39m
2026-03-14 19:57:26:5726 [37mdebug[39m: [37mDatabase pool status[39m
2026-03-14 19:57:56:5756 [37mdebug[39m: [37mDatabase pool status[39m
2026-03-14 19:58:01:581 [37mdebug[39m: [37mNew connection. Active: 1[39m
2026-03-14 19:58:01:581 [37mdebug[39m: [37mNew connection. Active: 2[39m
2026-03-14 19:58:01:581 [32minfo[39m: [32mRequest completed[39m
2026-03-14 19:58:01:581 [37mdebug[39m: [37mNew connection. Active: 3[39m
2026-03-14 19:58:01:581 [32minfo[39m: [32mgetAllPackages called with query {}[39m
2026-03-14 19:58:01:581 [32minfo[39m: [32mRequest completed[39m
2026-03-14 19:58:01:581 [32minfo[39m: [32mRequest completed[39m
2026-03-14 19:58:01:581 [32minfo[39m: [32mgetAllPackages called with query {}[39m
2026-03-14 19:58:02:582 [32minfo[39m: [32mRequest completed[39m
2026-03-14 19:58:05:585 [32minfo[39m: [32mEmail sent to annew8523@gmail.com[39m
2026-03-14 19:58:05:585 [32minfo[39m: [32mOTP sent to annew8523@gmail.com[39m
2026-03-14 19:58:05:585 [32minfo[39m: [32mRequest completed[39m
2026-03-14 19:58:26:5826 [37mdebug[39m: [37mDatabase pool status[39m
2026-03-14 19:58:56:5856 [37mdebug[39m: [37mDatabase pool status[39m
2026-03-14 19:59:07:597 [37mdebug[39m: [37mConnection closed. Active: 2[39m
2026-03-14 19:59:08:598 [37mdebug[39m: [37mConnection closed. Active: 1[39m
2026-03-14 19:59:11:5911 [37mdebug[39m: [37mConnection closed. Active: 0[39m
2026-03-14 19:59:26:5926 [37mdebug[39m: [37mDatabase pool status[39m
2026-03-14 19:59:50:5950 [32minfo[39m: [32m✅ Database connection established[39m
2026-03-14 20:00:06:06 [32minfo[39m: [32m✅ Database connection established[39m
2026-03-14 20:00:12:012 [32minfo[39m: [32m✅ Database synchronized (alter mode - development only)[39m
2026-03-14 20:00:12:012 [32minfo[39m: [32m✅ Database monitoring enabled[39m
2026-03-14 20:00:12:012 [32minfo[39m: [32m🚀 Server running in development mode on port 5000[39m
2026-03-14 20:00:12:012 [32minfo[39m: [32m📡 API: http://localhost:5000/api/v1[39m
2026-03-14 20:00:12:012 [32minfo[39m: [32m🔗 Webhooks: http://localhost:5000/api/v1/payments[39m
2026-03-14 20:00:30:030 [37mdebug[39m: [37mNew connection. Active: 1[39m
2026-03-14 20:00:30:030 [32minfo[39m: [32mgetAllPackages called with query {}[39m
2026-03-14 20:00:31:031 [32minfo[39m: [32mRequest completed[39m
2026-03-14 20:00:31:031 [32minfo[39m: [32mgetAllPackages called with query {}[39m
2026-03-14 20:00:31:031 [32minfo[39m: [32mRequest completed[39m
2026-03-14 20:00:39:039 [32minfo[39m: [32mgetAllPackages called with query {}[39m
2026-03-14 20:00:39:039 [32minfo[39m: [32mRequest completed[39m
2026-03-14 20:00:40:040 [32minfo[39m: [32mgetAllPackages called with query {}[39m
2026-03-14 20:00:40:040 [32minfo[39m: [32mRequest completed[39m
2026-03-14 20:00:42:042 [37mdebug[39m: [37mDatabase pool status[39m
2026-03-14 20:01:12:112 [37mdebug[39m: [37mDatabase pool status[39m
2026-03-14 20:01:16:116 [32minfo[39m: [32mEmail sent to annew8523@gmail.com[39m
2026-03-14 20:01:16:116 [32minfo[39m: [32mNew user registered (unverified): annew8523@gmail.com[39m
2026-03-14 20:01:16:116 [32minfo[39m: [32mRequest completed[39m
2026-03-14 20:01:42:142 [37mdebug[39m: [37mDatabase pool status[39m
2026-03-14 20:01:48:148 [32minfo[39m: [32mAccount verified via OTP: annew8523@gmail.com[39m
2026-03-14 20:01:48:148 [32minfo[39m: [32mRequest completed[39m
2026-03-14 20:01:50:150 [32minfo[39m: [32mRequest completed[39m
2026-03-14 20:01:50:150 [32minfo[39m: [32mRequest completed[39m
2026-03-14 20:01:56:156 [32minfo[39m: [32mgetAllPackages called with query {}[39m
2026-03-14 20:01:57:157 [32minfo[39m: [32mRequest completed[39m
2026-03-14 20:01:57:157 [32minfo[39m: [32mgetAllPackages called with query {}[39m
2026-03-14 20:01:57:157 [32minfo[39m: [32mRequest completed[39m
2026-03-14 20:02:12:212 [37mdebug[39m: [37mDatabase pool status[39m
2026-03-14 20:02:32:232 [32minfo[39m: [32mEmail sent to anthonyndungu069@gmail.com[39m
2026-03-14 20:02:32:232 [32minfo[39m: [32mNew user registered (unverified): anthonyndungu069@gmail.com[39m
2026-03-14 20:02:32:232 [32minfo[39m: [32mRequest completed[39m
2026-03-14 20:02:37:237 [32minfo[39m: [32mRequest completed[39m
2026-03-14 20:02:37:237 [32minfo[39m: [32mRequest completed[39m
2026-03-14 20:02:42:242 [37mdebug[39m: [37mDatabase pool status[39m
2026-03-14 20:02:50:250 [32minfo[39m: [32mRequest completed[39m
2026-03-14 20:02:50:250 [32minfo[39m: [32mgetAllPackages called with query {}[39m
2026-03-14 20:02:50:250 [37mdebug[39m: [37mNew connection. Active: 2[39m
2026-03-14 20:02:50:250 [37mdebug[39m: [37mNew connection. Active: 3[39m
2026-03-14 20:02:50:250 [32minfo[39m: [32mRequest completed[39m
2026-03-14 20:02:50:250 [32minfo[39m: [32mRequest completed[39m
2026-03-14 20:02:50:250 [32minfo[39m: [32mRequest completed[39m
2026-03-14 20:02:50:250 [32minfo[39m: [32mgetAllPackages called with query {}[39m
2026-03-14 20:02:50:250 [32minfo[39m: [32mRequest completed[39m
2026-03-14 20:02:50:250 [32minfo[39m: [32mRequest completed[39m
2026-03-14 20:02:57:257 [32minfo[39m: [32mgetAllPackages called with query {}[39m
2026-03-14 20:02:57:257 [32minfo[39m: [32mRequest completed[39m
2026-03-14 20:02:57:257 [32minfo[39m: [32mgetAllPackages called with query {}[39m
2026-03-14 20:02:57:257 [32minfo[39m: [32mRequest completed[39m
2026-03-14 20:03:09:39 [32minfo[39m: [32mRequest completed[39m
2026-03-14 20:03:12:312 [37mdebug[39m: [37mDatabase pool status[39m
2026-03-14 20:03:41:341 [32minfo[39m: [32mAccount verified via OTP: anthonyndungu069@gmail.com[39m
2026-03-14 20:03:41:341 [32minfo[39m: [32mRequest completed[39m
2026-03-14 20:03:42:342 [37mdebug[39m: [37mDatabase pool status[39m
2026-03-14 20:03:51:351 [32minfo[39m: [32mUser logged in: anthonyndungu069@gmail.com[39m
2026-03-14 20:03:51:351 [32minfo[39m: [32mRequest completed[39m
2026-03-14 20:03:52:352 [32minfo[39m: [32mRequest completed[39m
2026-03-14 20:03:52:352 [32minfo[39m: [32mRequest completed[39m
2026-03-14 20:03:56:356 [37mdebug[39m: [37mConnection closed. Active: 2[39m
2026-03-14 20:03:56:356 [37mdebug[39m: [37mConnection closed. Active: 1[39m
2026-03-14 20:04:04:44 [32minfo[39m: [32mgetAllPackages called with query {}[39m
2026-03-14 20:04:04:44 [32minfo[39m: [32mRequest completed[39m
2026-03-14 20:04:04:44 [32minfo[39m: [32mgetAllPackages called with query {}[39m
2026-03-14 20:04:04:44 [32minfo[39m: [32mRequest completed[39m
2026-03-14 20:04:12:412 [37mdebug[39m: [37mDatabase pool status[39m
2026-03-14 20:04:21:421 [32minfo[39m: [32mgetAllPackages called with query {}[39m
2026-03-14 20:04:21:421 [32minfo[39m: [32mRequest completed[39m
2026-03-14 20:04:21:421 [32minfo[39m: [32mgetAllPackages called with query {}[39m
2026-03-14 20:04:21:421 [32minfo[39m: [32mRequest completed[39m
2026-03-14 20:04:42:442 [37mdebug[39m: [37mDatabase pool status[39m
2026-03-14 20:05:12:512 [37mdebug[39m: [37mDatabase pool status[39m
2026-03-14 20:05:27:527 [37mdebug[39m: [37mConnection closed. Active: 0[39m
2026-03-14 20:05:42:542 [37mdebug[39m: [37mDatabase pool status[39m
2026-03-14 20:05:59:559 [37mdebug[39m: [37mNew connection. Active: 1[39m
2026-03-14 20:05:59:559 [32minfo[39m: [32mgetAllPackages called with query {}[39m
2026-03-14 20:05:59:559 [32minfo[39m: [32mRequest completed[39m
2026-03-14 20:05:59:559 [32minfo[39m: [32mgetAllPackages called with query {}[39m
2026-03-14 20:05:59:559 [32minfo[39m: [32mRequest completed[39m
2026-03-14 20:06:12:612 [37mdebug[39m: [37mDatabase pool status[39m
2026-03-14 20:06:27:627 [32minfo[39m: [32mgetAllPackages called with query {}[39m
2026-03-14 20:06:27:627 [32minfo[39m: [32mRequest completed[39m
2026-03-14 20:06:27:627 [32minfo[39m: [32mgetAllPackages called with query {}[39m
2026-03-14 20:06:27:627 [32minfo[39m: [32mRequest completed[39m
2026-03-14 20:06:42:642 [37mdebug[39m: [37mDatabase pool status[39m
2026-03-14 20:06:57:657 [31merror[39m: [31mSignup error: Validation error[39m
2026-03-14 20:06:57:657 [32minfo[39m: [32mRequest completed[39m
2026-03-14 20:07:12:712 [37mdebug[39m: [37mDatabase pool status[39m
2026-03-14 20:07:20:720 [32minfo[39m: [32mEmail sent to anthonyndungu069@gmail.com[39m
2026-03-14 20:07:20:720 [32minfo[39m: [32mNew user registered (unverified): anthonyndungu069@gmail.com[39m
2026-03-14 20:07:20:720 [32minfo[39m: [32mRequest completed[39m
2026-03-14 20:07:42:742 [37mdebug[39m: [37mDatabase pool status[39m
2026-03-14 20:07:52:752 [32minfo[39m: [32mRequest completed[39m
2026-03-14 20:07:52:752 [32minfo[39m: [32mRequest completed[39m
2026-03-14 20:08:12:812 [37mdebug[39m: [37mDatabase pool status[39m
2026-03-14 20:08:19:819 [32minfo[39m: [32mgetAllPackages called with query {}[39m
2026-03-14 20:08:19:819 [32minfo[39m: [32mRequest completed[39m
2026-03-14 20:08:19:819 [32minfo[39m: [32mgetAllPackages called with query {}[39m
2026-03-14 20:08:19:819 [32minfo[39m: [32mRequest completed[39m
2026-03-14 20:08:47:847 [32minfo[39m: [32m✅ Database connection established[39m
2026-03-14 20:08:51:851 [32minfo[39m: [32m✅ Database synchronized (alter mode - development only)[39m
2026-03-14 20:08:51:851 [32minfo[39m: [32m✅ Database monitoring enabled[39m
2026-03-14 20:08:51:851 [32minfo[39m: [32m🚀 Server running in development mode on port 5000[39m
2026-03-14 20:08:51:851 [32minfo[39m: [32m📡 API: http://localhost:5000/api/v1[39m
2026-03-14 20:08:51:851 [32minfo[39m: [32m🔗 Webhooks: http://localhost:5000/api/v1/payments[39m
2026-03-14 20:09:21:921 [37mdebug[39m: [37mDatabase pool status[39m
2026-03-14 20:09:51:951 [37mdebug[39m: [37mDatabase pool status[39m
2026-03-14 20:10:21:1021 [37mdebug[39m: [37mDatabase pool status[39m
2026-03-14 20:10:51:1051 [37mdebug[39m: [37mDatabase pool status[39m
2026-03-14 20:11:21:1121 [37mdebug[39m: [37mDatabase pool status[39m
2026-03-14 20:11:51:1151 [37mdebug[39m: [37mDatabase pool status[39m
2026-03-14 20:12:21:1221 [37mdebug[39m: [37mDatabase pool status[39m
2026-03-14 20:12:51:1251 [37mdebug[39m: [37mDatabase pool status[39m
2026-03-14 20:13:21:1321 [37mdebug[39m: [37mDatabase pool status[39m
2026-03-14 20:13:51:1351 [37mdebug[39m: [37mDatabase pool status[39m
2026-03-14 20:14:21:1421 [37mdebug[39m: [37mDatabase pool status[39m
2026-03-14 20:14:51:1451 [37mdebug[39m: [37mDatabase pool status[39m
2026-03-14 20:15:21:1521 [37mdebug[39m: [37mDatabase pool status[39m
2026-03-14 20:15:51:1551 [37mdebug[39m: [37mDatabase pool status[39m
2026-03-14 20:16:21:1621 [37mdebug[39m: [37mDatabase pool status[39m
2026-03-14 20:16:51:1651 [37mdebug[39m: [37mDatabase pool status[39m
2026-03-14 20:17:21:1721 [37mdebug[39m: [37mDatabase pool status[39m
2026-03-14 20:17:51:1751 [37mdebug[39m: [37mDatabase pool status[39m
2026-03-14 20:18:21:1821 [37mdebug[39m: [37mDatabase pool status[39m
2026-03-14 20:18:51:1851 [37mdebug[39m: [37mDatabase pool status[39m
2026-03-14 20:19:21:1921 [37mdebug[39m: [37mDatabase pool status[39m
2026-03-14 20:19:51:1951 [37mdebug[39m: [37mDatabase pool status[39m
2026-03-14 20:20:21:2021 [37mdebug[39m: [37mDatabase pool status[39m
2026-03-14 20:20:51:2051 [37mdebug[39m: [37mDatabase pool status[39m
2026-03-14 20:21:21:2121 [37mdebug[39m: [37mDatabase pool status[39m
2026-03-14 20:21:51:2151 [37mdebug[39m: [37mDatabase pool status[39m
2026-03-14 20:22:21:2221 [37mdebug[39m: [37mDatabase pool status[39m
2026-03-14 20:22:51:2251 [37mdebug[39m: [37mDatabase pool status[39m
2026-03-14 20:23:21:2321 [37mdebug[39m: [37mDatabase pool status[39m
2026-03-14 20:23:51:2351 [37mdebug[39m: [37mDatabase pool status[39m
2026-03-14 20:24:21:2421 [37mdebug[39m: [37mDatabase pool status[39m
2026-03-14 20:24:51:2451 [37mdebug[39m: [37mDatabase pool status[39m
2026-03-14 20:25:21:2521 [37mdebug[39m: [37mDatabase pool status[39m
2026-03-14 20:25:51:2551 [37mdebug[39m: [37mDatabase pool status[39m
2026-03-14 20:26:21:2621 [37mdebug[39m: [37mDatabase pool status[39m
2026-03-14 20:26:51:2651 [37mdebug[39m: [37mDatabase pool status[39m
2026-03-14 20:27:22:2722 [37mdebug[39m: [37mDatabase pool status[39m
2026-03-14 20:27:52:2752 [37mdebug[39m: [37mDatabase pool status[39m
2026-03-14 20:28:22:2822 [37mdebug[39m: [37mDatabase pool status[39m
2026-03-14 20:28:52:2852 [37mdebug[39m: [37mDatabase pool status[39m
2026-03-14 20:29:22:2922 [37mdebug[39m: [37mDatabase pool status[39m
2026-03-14 20:29:52:2952 [37mdebug[39m: [37mDatabase pool status[39m
2026-03-14 20:30:22:3022 [37mdebug[39m: [37mDatabase pool status[39m
2026-03-14 20:30:52:3052 [37mdebug[39m: [37mDatabase pool status[39m
2026-03-14 20:31:22:3122 [37mdebug[39m: [37mDatabase pool status[39m
2026-03-14 20:31:52:3152 [37mdebug[39m: [37mDatabase pool status[39m
2026-03-14 20:32:22:3222 [37mdebug[39m: [37mDatabase pool status[39m
2026-03-14 20:32:52:3252 [37mdebug[39m: [37mDatabase pool status[39m
2026-03-14 20:33:22:3322 [37mdebug[39m: [37mDatabase pool status[39m
2026-03-14 20:33:52:3352 [37mdebug[39m: [37mDatabase pool status[39m
2026-03-15 18:54:25:5425 [37mdebug[39m: [37mDatabase pool status[39m
2026-03-15 18:54:55:5455 [37mdebug[39m: [37mDatabase pool status[39m
2026-03-15 18:55:25:5525 [37mdebug[39m: [37mDatabase pool status[39m
2026-03-15 18:55:55:5555 [37mdebug[39m: [37mDatabase pool status[39m
2026-03-15 18:56:25:5625 [37mdebug[39m: [37mDatabase pool status[39m
2026-03-15 18:56:55:5655 [37mdebug[39m: [37mDatabase pool status[39m
2026-03-15 18:57:25:5725 [37mdebug[39m: [37mDatabase pool status[39m
2026-03-15 18:57:55:5755 [37mdebug[39m: [37mDatabase pool status[39m
2026-03-15 18:58:25:5825 [37mdebug[39m: [37mDatabase pool status[39m
2026-03-15 18:58:55:5855 [37mdebug[39m: [37mDatabase pool status[39m
2026-03-15 18:59:25:5925 [37mdebug[39m: [37mDatabase pool status[39m
2026-03-15 18:59:55:5955 [37mdebug[39m: [37mDatabase pool status[39m
2026-03-15 19:00:25:025 [37mdebug[39m: [37mDatabase pool status[39m
2026-03-15 19:00:55:055 [37mdebug[39m: [37mDatabase pool status[39m
2026-03-15 19:01:25:125 [37mdebug[39m: [37mDatabase pool status[39m
2026-03-15 19:01:55:155 [37mdebug[39m: [37mDatabase pool status[39m
2026-03-15 19:02:25:225 [37mdebug[39m: [37mDatabase pool status[39m
2026-03-15 19:02:55:255 [37mdebug[39m: [37mDatabase pool status[39m
2026-03-15 19:03:25:325 [37mdebug[39m: [37mDatabase pool status[39m
2026-03-15 19:03:55:355 [37mdebug[39m: [37mDatabase pool status[39m
2026-03-15 19:04:25:425 [37mdebug[39m: [37mDatabase pool status[39m
2026-03-15 19:04:55:455 [37mdebug[39m: [37mDatabase pool status[39m
2026-03-15 19:05:25:525 [37mdebug[39m: [37mDatabase pool status[39m
2026-03-15 19:05:55:555 [37mdebug[39m: [37mDatabase pool status[39m
2026-03-15 19:06:25:625 [37mdebug[39m: [37mDatabase pool status[39m
2026-03-15 19:06:55:655 [37mdebug[39m: [37mDatabase pool status[39m
2026-03-15 19:07:25:725 [37mdebug[39m: [37mDatabase pool status[39m
2026-03-15 19:07:55:755 [37mdebug[39m: [37mDatabase pool status[39m
2026-03-15 19:08:25:825 [37mdebug[39m: [37mDatabase pool status[39m
2026-03-15 19:08:55:855 [37mdebug[39m: [37mDatabase pool status[39m
